<?xml version="1.0" encoding="UTF-8"?>
<!-- Generated by org.testng.reporters.JUnitXMLReporter -->
<testsuite ignored="1" hostname="Dhruv" failures="0" tests="1" name="Default test" time="2.949" errors="0" timestamp="2024-09-02T20:34:09 IST">
  <testcase classname="Codality.VerifyLoginMessages" name="testScenario3" time="0.464"/>
  <testcase classname="Codality.VerifyLoginMessages" name="loginSuccessMessage" time="0.0">
    <ignored/>
  </testcase> <!-- loginSuccessMessage -->
</testsuite> <!-- Default test -->
