<?xml version="1.0" encoding="UTF-8"?>
<testng-results ignored="0" total="3" passed="3" failed="0" skipped="0">
  <reporter-output>
  </reporter-output>
  <suite started-at="2024-09-05T16:40:43 IST" name="Default suite" finished-at="2024-09-05T16:40:43 IST" duration-ms="99">
    <groups>
      <group name="Sanity">
        <method signature="Grouping.testMethod1()[pri:0, instance:anottations.Grouping@3ba9ad43]" name="testMethod1" class="anottations.Grouping"/>
        <method signature="Grouping.testMethod3()[pri:0, instance:anottations.Grouping@3ba9ad43]" name="testMethod3" class="anottations.Grouping"/>
      </group> <!-- Sanity -->
      <group name="Regression">
        <method signature="Grouping.testMethod1()[pri:0, instance:anottations.Grouping@3ba9ad43]" name="testMethod1" class="anottations.Grouping"/>
        <method signature="Grouping.testMethod3()[pri:0, instance:anottations.Grouping@3ba9ad43]" name="testMethod3" class="anottations.Grouping"/>
      </group> <!-- Regression -->
      <group name="Smoke">
        <method signature="Grouping.testMethod1()[pri:0, instance:anottations.Grouping@3ba9ad43]" name="testMethod1" class="anottations.Grouping"/>
        <method signature="Grouping.testMethod2()[pri:0, instance:anottations.Grouping@3ba9ad43]" name="testMethod2" class="anottations.Grouping"/>
      </group> <!-- Smoke -->
    </groups>
    <test started-at="2024-09-05T16:40:43 IST" name="Default test" finished-at="2024-09-05T16:40:43 IST" duration-ms="99">
      <class name="anottations.Grouping">
        <test-method signature="testMethod1()[pri:0, instance:anottations.Grouping@3ba9ad43]" started-at="2024-09-05T16:40:43 IST" name="testMethod1" finished-at="2024-09-05T16:40:43 IST" duration-ms="22" status="PASS">
          <reporter-output>
          </reporter-output>
        </test-method> <!-- testMethod1 -->
        <test-method signature="testMethod2()[pri:0, instance:anottations.Grouping@3ba9ad43]" started-at="2024-09-05T16:40:43 IST" name="testMethod2" finished-at="2024-09-05T16:40:43 IST" duration-ms="3" status="PASS">
          <reporter-output>
          </reporter-output>
        </test-method> <!-- testMethod2 -->
        <test-method signature="testMethod3()[pri:0, instance:anottations.Grouping@3ba9ad43]" started-at="2024-09-05T16:40:43 IST" name="testMethod3" finished-at="2024-09-05T16:40:43 IST" duration-ms="2" status="PASS">
          <reporter-output>
          </reporter-output>
        </test-method> <!-- testMethod3 -->
      </class> <!-- anottations.Grouping -->
    </test> <!-- Default test -->
  </suite> <!-- Default suite -->
</testng-results>
